[INFO] Scanning for projects...
[INFO] 
[INFO] --------------------< com.dogstore:dog-selling-app >--------------------
[INFO] Building dog-selling-app 0.0.1-SNAPSHOT
[INFO]   from pom.xml
[INFO] --------------------------------[ jar ]---------------------------------
[INFO] 
[INFO] >>> spring-boot:4.1.0:run (default-cli) > test-compile @ dog-selling-app >>>
[INFO] 
[INFO] --- resources:3.5.0:resources (default-resources) @ dog-selling-app ---
[INFO] Copying 1 resource from src\main\resources to target\classes
[INFO] Copying 1 resource from src\main\resources to target\classes
[INFO] 
[INFO] --- compiler:3.15.0:compile (default-compile) @ dog-selling-app ---
[INFO] Nothing to compile - all classes are up to date.
[INFO] 
[INFO] --- resources:3.5.0:testResources (default-testResources) @ dog-selling-app ---
[INFO] skip non existing resourceDirectory C:\Users\aaa\IdeaProjects\dog-selling-app\src\test\resources
[INFO] 
[INFO] --- compiler:3.15.0:testCompile (default-testCompile) @ dog-selling-app ---
[INFO] Nothing to compile - all classes are up to date.
[INFO] 
[INFO] <<< spring-boot:4.1.0:run (default-cli) < test-compile @ dog-selling-app <<<
[INFO] 
[INFO] 
[INFO] --- spring-boot:4.1.0:run (default-cli) @ dog-selling-app ---
[INFO] Attaching agents: []

  .   ____          _            __ _ _
 /\\ / ___'_ __ _ _(_)_ __  __ _ \ \ \ \
( ( )\___ | '_ | '_| | '_ \/ _` | \ \ \ \
 \\/  ___)| |_)| | | | | || (_| |  ) ) ) )
  '  |____| .__|_| |_|_| |_\__, | / / / /
 =========|_|==============|___/=/_/_/_/

 :: Spring Boot ::                (v4.1.0)

2026-06-23T16:10:45.851+03:00  INFO 18772 --- [dog-selling-app] [           main] c.d.d.DogSellingAppApplication           : Starting DogSellingAppApplication using Java 26.0.1 with PID 18772 (C:\Users\aaa\IdeaProjects\dog-selling-app\target\classes started by aaa in C:\Users\aaa\IdeaProjects\dog-selling-app)
2026-06-23T16:10:45.887+03:00  INFO 18772 --- [dog-selling-app] [           main] c.d.d.DogSellingAppApplication           : No active profile set, falling back to 1 default profile: "default"
2026-06-23T16:10:48.879+03:00  INFO 18772 --- [dog-selling-app] [           main] .s.d.r.c.RepositoryConfigurationDelegate : Bootstrapping Spring Data JPA repositories in DEFAULT mode.
2026-06-23T16:10:49.056+03:00  INFO 18772 --- [dog-selling-app] [           main] .s.d.r.c.RepositoryConfigurationDelegate : Finished Spring Data repository scanning in 143 ms. Found 2 JPA repository interfaces.
2026-06-23T16:10:50.962+03:00  INFO 18772 --- [dog-selling-app] [           main] o.s.boot.tomcat.TomcatWebServer          : Tomcat initialized with port 8080 (http)
2026-06-23T16:10:50.993+03:00  INFO 18772 --- [dog-selling-app] [           main] o.apache.catalina.core.StandardService   : Starting service [Tomcat]
2026-06-23T16:10:50.994+03:00  INFO 18772 --- [dog-selling-app] [           main] o.apache.catalina.core.StandardEngine    : Starting Servlet engine: [Apache Tomcat/11.0.22]
2026-06-23T16:10:51.172+03:00  INFO 18772 --- [dog-selling-app] [           main] b.w.c.s.WebApplicationContextInitializer : Root WebApplicationContext: initialization completed in 5037 ms
2026-06-23T16:10:51.755+03:00  INFO 18772 --- [dog-selling-app] [           main] org.hibernate.orm.jpa                    : HHH008540: Processing PersistenceUnitInfo [name: default]
2026-06-23T16:10:51.909+03:00  INFO 18772 --- [dog-selling-app] [           main] org.hibernate.orm.core                   : HHH000001: Hibernate ORM core version 7.4.1.Final
2026-06-23T16:10:53.179+03:00  INFO 18772 --- [dog-selling-app] [           main] o.s.o.j.p.SpringPersistenceUnitInfo      : No LoadTimeWeaver setup: ignoring JPA class transformer
2026-06-23T16:10:53.274+03:00  INFO 18772 --- [dog-selling-app] [           main] com.zaxxer.hikari.HikariDataSource       : HikariPool-1 - Starting...
2026-06-23T16:10:53.888+03:00  INFO 18772 --- [dog-selling-app] [           main] com.zaxxer.hikari.pool.HikariPool        : HikariPool-1 - Added connection conn0: url=jdbc:h2:file:./data/aussiepaw user=SA
2026-06-23T16:10:53.892+03:00  INFO 18772 --- [dog-selling-app] [           main] com.zaxxer.hikari.HikariDataSource       : HikariPool-1 - Start completed.
2026-06-23T16:10:54.046+03:00  INFO 18772 --- [dog-selling-app] [           main] org.hibernate.orm.connections.pooling    : HHH10001005: Database info:
	Database JDBC URL [jdbc:h2:file:./data/aussiepaw]
	Database driver: H2 JDBC Driver
	Database dialect: H2Dialect
	Database version: 2.4.240
	Default catalog/schema: AUSSIEPAW/PUBLIC
	Autocommit mode: undefined/unknown
	Isolation level: READ_COMMITTED [default READ_COMMITTED]
	JDBC fetch size: 100
	Pool: DataSourceConnectionProvider
	Minimum pool size: undefined/unknown
	Maximum pool size: undefined/unknown
2026-06-23T16:10:56.967+03:00  INFO 18772 --- [dog-selling-app] [           main] org.hibernate.orm.core                   : HHH000489: No JTA platform available (set 'hibernate.transaction.jta.platform' to enable JTA platform integration)
2026-06-23T16:10:57.104+03:00  INFO 18772 --- [dog-selling-app] [           main] j.LocalContainerEntityManagerFactoryBean : Initialized JPA EntityManagerFactory for persistence unit 'default'
2026-06-23T16:10:57.340+03:00  INFO 18772 --- [dog-selling-app] [           main] o.s.d.j.r.query.QueryEnhancerFactories   : Hibernate is in classpath; If applicable, HQL parser will be used.
2026-06-23T16:10:58.024+03:00  WARN 18772 --- [dog-selling-app] [           main] JpaBaseConfiguration$JpaWebConfiguration : spring.jpa.open-in-view is enabled by default. Therefore, database queries may be performed during view rendering. Explicitly configure spring.jpa.open-in-view to disable this warning
2026-06-23T16:10:58.300+03:00  INFO 18772 --- [dog-selling-app] [           main] r$InitializeUserDetailsManagerConfigurer : Global AuthenticationManager configured with UserDetailsService bean with name customUserDetailsService
2026-06-23T16:10:58.839+03:00  INFO 18772 --- [dog-selling-app] [           main] o.s.b.w.a.WelcomePageHandlerMapping      : Adding welcome page: class path resource [static/index.html]
2026-06-23T16:10:59.725+03:00  INFO 18772 --- [dog-selling-app] [           main] o.s.boot.tomcat.TomcatWebServer          : Tomcat started on port 8080 (http) with context path '/'
2026-06-23T16:10:59.739+03:00  INFO 18772 --- [dog-selling-app] [           main] c.d.d.DogSellingAppApplication           : Started DogSellingAppApplication in 15.136 seconds (process running for 16.471)
2026-06-23T16:11:24.156+03:00  INFO 18772 --- [dog-selling-app] [nio-8080-exec-1] o.a.c.c.C.[Tomcat].[localhost].[/]       : Initializing Spring DispatcherServlet 'dispatcherServlet'
2026-06-23T16:11:24.157+03:00  INFO 18772 --- [dog-selling-app] [nio-8080-exec-1] o.s.web.servlet.DispatcherServlet        : Initializing Servlet 'dispatcherServlet'
2026-06-23T16:11:24.160+03:00  INFO 18772 --- [dog-selling-app] [nio-8080-exec-1] o.s.web.servlet.DispatcherServlet        : Completed initialization in 3 ms
[INFO] ------------------------------------------------------------------------
[INFO] BUILD FAILURE
[INFO] ------------------------------------------------------------------------
[INFO] Total time:  02:04 min
[INFO] Finished at: 2026-06-23T16:12:40+03:00
[INFO] ------------------------------------------------------------------------
[ERROR] Failed to execute goal org.springframework.boot:spring-boot-maven-plugin:4.1.0:run (default-cli) on project dog-selling-app: Process terminated with exit code: 1 -> [Help 1]
[ERROR] 
[ERROR] To see the full stack trace of the errors, re-run Maven with the -e switch.
[ERROR] Re-run Maven using the -X switch to enable full debug logging.
[ERROR] 
[ERROR] For more information about the errors and possible solutions, please read the following articles:
[ERROR] [Help 1] http://cwiki.apache.org/confluence/display/MAVEN/MojoExecutionException
